CRITICAL - 2024-01-16 07:58:13 --> ErrorException: Undefined property: App\Controllers\Home::$load
in APPPATH\Controllers\Home.php on line 12.
 1 APPPATH\Controllers\Home.php(12): CodeIgniter\Debug\Exceptions->errorHandler(2, 'Undefined property: App\\Controllers\\Home::$load', 'C:\\worksheet\\codeigniter4-framework-v4.4.4-0-g7c170c4\\app\\Controllers\\Home.php', 12)
 2 SYSTEMPATH\CodeIgniter.php(941): App\Controllers\Home->index()
 3 SYSTEMPATH\CodeIgniter.php(502): CodeIgniter\CodeIgniter->runController(Object(App\Controllers\Home))
 4 SYSTEMPATH\CodeIgniter.php(361): CodeIgniter\CodeIgniter->handleRequest(null, Object(Config\Cache), false)
 5 FCPATH\index.php(79): CodeIgniter\CodeIgniter->run()
 6 SYSTEMPATH\Commands\Server\rewrite.php(47): require_once('C:\\worksheet\\codeigniter4-framework-v4.4.4-0-g7c170c4\\public\\index.php')
CRITICAL - 2024-01-16 07:58:59 --> ErrorException: Undefined property: App\Controllers\Home::$load
in APPPATH\Controllers\Home.php on line 12.
 1 APPPATH\Controllers\Home.php(12): CodeIgniter\Debug\Exceptions->errorHandler(2, 'Undefined property: App\\Controllers\\Home::$load', 'C:\\worksheet\\codeigniter4-framework-v4.4.4-0-g7c170c4\\app\\Controllers\\Home.php', 12)
 2 SYSTEMPATH\CodeIgniter.php(941): App\Controllers\Home->index()
 3 SYSTEMPATH\CodeIgniter.php(502): CodeIgniter\CodeIgniter->runController(Object(App\Controllers\Home))
 4 SYSTEMPATH\CodeIgniter.php(361): CodeIgniter\CodeIgniter->handleRequest(null, Object(Config\Cache), false)
 5 FCPATH\index.php(79): CodeIgniter\CodeIgniter->run()
 6 SYSTEMPATH\Commands\Server\rewrite.php(47): require_once('C:\\worksheet\\codeigniter4-framework-v4.4.4-0-g7c170c4\\public\\index.php')
CRITICAL - 2024-01-16 07:59:38 --> CodeIgniter\View\Exceptions\ViewException: Invalid file: "home/index.php"
in SYSTEMPATH\Exceptions\FrameworkException.php on line 39.
 1 SYSTEMPATH\View\View.php(216): CodeIgniter\Exceptions\FrameworkException::forInvalidFile('home/index.php')
 2 SYSTEMPATH\Common.php(1178): CodeIgniter\View\View->render('home/index', [], true)
 3 APPPATH\Controllers\Home.php(13): view('home/index', [...])
 4 SYSTEMPATH\CodeIgniter.php(941): App\Controllers\Home->index()
 5 SYSTEMPATH\CodeIgniter.php(502): CodeIgniter\CodeIgniter->runController(Object(App\Controllers\Home))
 6 SYSTEMPATH\CodeIgniter.php(361): CodeIgniter\CodeIgniter->handleRequest(null, Object(Config\Cache), false)
 7 FCPATH\index.php(79): CodeIgniter\CodeIgniter->run()
 8 SYSTEMPATH\Commands\Server\rewrite.php(47): require_once('C:\\worksheet\\codeigniter4-framework-v4.4.4-0-g7c170c4\\public\\index.php')
CRITICAL - 2024-01-16 07:59:40 --> CodeIgniter\View\Exceptions\ViewException: Invalid file: "home/index.php"
in SYSTEMPATH\Exceptions\FrameworkException.php on line 39.
 1 SYSTEMPATH\View\View.php(216): CodeIgniter\Exceptions\FrameworkException::forInvalidFile('home/index.php')
 2 SYSTEMPATH\Common.php(1178): CodeIgniter\View\View->render('home/index', [], true)
 3 APPPATH\Controllers\Home.php(13): view('home/index', [...])
 4 SYSTEMPATH\CodeIgniter.php(941): App\Controllers\Home->index()
 5 SYSTEMPATH\CodeIgniter.php(502): CodeIgniter\CodeIgniter->runController(Object(App\Controllers\Home))
 6 SYSTEMPATH\CodeIgniter.php(361): CodeIgniter\CodeIgniter->handleRequest(null, Object(Config\Cache), false)
 7 FCPATH\index.php(79): CodeIgniter\CodeIgniter->run()
 8 SYSTEMPATH\Commands\Server\rewrite.php(47): require_once('C:\\worksheet\\codeigniter4-framework-v4.4.4-0-g7c170c4\\public\\index.php')
CRITICAL - 2024-01-16 08:00:05 --> ErrorException: Undefined property: App\Controllers\Home::$load
in APPPATH\Controllers\Home.php on line 13.
 1 APPPATH\Controllers\Home.php(13): CodeIgniter\Debug\Exceptions->errorHandler(2, 'Undefined property: App\\Controllers\\Home::$load', 'C:\\worksheet\\codeigniter4-framework-v4.4.4-0-g7c170c4\\app\\Controllers\\Home.php', 13)
 2 SYSTEMPATH\CodeIgniter.php(941): App\Controllers\Home->index()
 3 SYSTEMPATH\CodeIgniter.php(502): CodeIgniter\CodeIgniter->runController(Object(App\Controllers\Home))
 4 SYSTEMPATH\CodeIgniter.php(361): CodeIgniter\CodeIgniter->handleRequest(null, Object(Config\Cache), false)
 5 FCPATH\index.php(79): CodeIgniter\CodeIgniter->run()
 6 SYSTEMPATH\Commands\Server\rewrite.php(47): require_once('C:\\worksheet\\codeigniter4-framework-v4.4.4-0-g7c170c4\\public\\index.php')
CRITICAL - 2024-01-16 08:01:30 --> CodeIgniter\View\Exceptions\ViewException: Invalid file: "header.php"
in SYSTEMPATH\Exceptions\FrameworkException.php on line 39.
 1 SYSTEMPATH\View\View.php(216): CodeIgniter\Exceptions\FrameworkException::forInvalidFile('header.php')
 2 SYSTEMPATH\Common.php(1178): CodeIgniter\View\View->render('header', [], true)
 3 APPPATH\Views\home.php(1): view('header', [...])
 4 SYSTEMPATH\View\View.php(228): include('C:\\worksheet\\codeigniter4-framework-v4.4.4-0-g7c170c4\\app\\Views\\home.php')
 5 SYSTEMPATH\View\View.php(231): CodeIgniter\View\View->CodeIgniter\View\{closure}()
 6 SYSTEMPATH\Common.php(1178): CodeIgniter\View\View->render('home', [], true)
 7 APPPATH\Controllers\Home.php(13): view('home', [...])
 8 SYSTEMPATH\CodeIgniter.php(941): App\Controllers\Home->index()
 9 SYSTEMPATH\CodeIgniter.php(502): CodeIgniter\CodeIgniter->runController(Object(App\Controllers\Home))
10 SYSTEMPATH\CodeIgniter.php(361): CodeIgniter\CodeIgniter->handleRequest(null, Object(Config\Cache), false)
11 FCPATH\index.php(79): CodeIgniter\CodeIgniter->run()
12 SYSTEMPATH\Commands\Server\rewrite.php(47): require_once('C:\\worksheet\\codeigniter4-framework-v4.4.4-0-g7c170c4\\public\\index.php')
CRITICAL - 2024-01-16 08:02:05 --> CodeIgniter\View\Exceptions\ViewException: Invalid file: "footer.php"
in SYSTEMPATH\Exceptions\FrameworkException.php on line 39.
 1 SYSTEMPATH\View\View.php(216): CodeIgniter\Exceptions\FrameworkException::forInvalidFile('footer.php')
 2 SYSTEMPATH\Common.php(1178): CodeIgniter\View\View->render('footer', [], true)
 3 APPPATH\Views\home.php(26): view('footer')
 4 SYSTEMPATH\View\View.php(228): include('C:\\worksheet\\codeigniter4-framework-v4.4.4-0-g7c170c4\\app\\Views\\home.php')
 5 SYSTEMPATH\View\View.php(231): CodeIgniter\View\View->CodeIgniter\View\{closure}()
 6 SYSTEMPATH\Common.php(1178): CodeIgniter\View\View->render('home', [], true)
 7 APPPATH\Controllers\Home.php(12): view('home', [...])
 8 SYSTEMPATH\CodeIgniter.php(941): App\Controllers\Home->index()
 9 SYSTEMPATH\CodeIgniter.php(502): CodeIgniter\CodeIgniter->runController(Object(App\Controllers\Home))
10 SYSTEMPATH\CodeIgniter.php(361): CodeIgniter\CodeIgniter->handleRequest(null, Object(Config\Cache), false)
11 FCPATH\index.php(79): CodeIgniter\CodeIgniter->run()
12 SYSTEMPATH\Commands\Server\rewrite.php(47): require_once('C:\\worksheet\\codeigniter4-framework-v4.4.4-0-g7c170c4\\public\\index.php')
CRITICAL - 2024-01-16 08:06:16 --> ErrorException: Undefined variable $articles
in APPPATH\Views\home.php on line 12.
 1 APPPATH\Views\home.php(12): CodeIgniter\Debug\Exceptions->errorHandler(2, 'Undefined variable $articles', 'C:\\worksheet\\codeigniter4-framework-v4.4.4-0-g7c170c4\\app\\Views\\home.php', 12)
 2 SYSTEMPATH\View\View.php(228): include('C:\\worksheet\\codeigniter4-framework-v4.4.4-0-g7c170c4\\app\\Views\\home.php')
 3 SYSTEMPATH\View\View.php(231): CodeIgniter\View\View->CodeIgniter\View\{closure}()
 4 SYSTEMPATH\Common.php(1178): CodeIgniter\View\View->render('home', [], true)
 5 APPPATH\Controllers\Home.php(11): view('home', [...])
 6 SYSTEMPATH\CodeIgniter.php(941): App\Controllers\Home->index()
 7 SYSTEMPATH\CodeIgniter.php(502): CodeIgniter\CodeIgniter->runController(Object(App\Controllers\Home))
 8 SYSTEMPATH\CodeIgniter.php(361): CodeIgniter\CodeIgniter->handleRequest(null, Object(Config\Cache), false)
 9 FCPATH\index.php(79): CodeIgniter\CodeIgniter->run()
10 SYSTEMPATH\Commands\Server\rewrite.php(47): require_once('C:\\worksheet\\codeigniter4-framework-v4.4.4-0-g7c170c4\\public\\index.php')
CRITICAL - 2024-01-16 08:09:06 --> ErrorException: Undefined array key "title"
in APPPATH\Views\home.php on line 14.
 1 APPPATH\Views\home.php(14): CodeIgniter\Debug\Exceptions->errorHandler(2, 'Undefined array key "title"', 'C:\\worksheet\\codeigniter4-framework-v4.4.4-0-g7c170c4\\app\\Views\\home.php', 14)
 2 SYSTEMPATH\View\View.php(228): include('C:\\worksheet\\codeigniter4-framework-v4.4.4-0-g7c170c4\\app\\Views\\home.php')
 3 SYSTEMPATH\View\View.php(231): CodeIgniter\View\View->CodeIgniter\View\{closure}()
 4 SYSTEMPATH\Common.php(1178): CodeIgniter\View\View->render('home', [], true)
 5 APPPATH\Controllers\Home.php(13): view('home', [...])
 6 SYSTEMPATH\CodeIgniter.php(941): App\Controllers\Home->index()
 7 SYSTEMPATH\CodeIgniter.php(502): CodeIgniter\CodeIgniter->runController(Object(App\Controllers\Home))
 8 SYSTEMPATH\CodeIgniter.php(361): CodeIgniter\CodeIgniter->handleRequest(null, Object(Config\Cache), false)
 9 FCPATH\index.php(79): CodeIgniter\CodeIgniter->run()
10 SYSTEMPATH\Commands\Server\rewrite.php(47): require_once('C:\\worksheet\\codeigniter4-framework-v4.4.4-0-g7c170c4\\public\\index.php')
CRITICAL - 2024-01-16 08:09:58 --> ErrorException: Undefined array key "title"
in APPPATH\Views\home.php on line 14.
 1 APPPATH\Views\home.php(14): CodeIgniter\Debug\Exceptions->errorHandler(2, 'Undefined array key "title"', 'C:\\worksheet\\codeigniter4-framework-v4.4.4-0-g7c170c4\\app\\Views\\home.php', 14)
 2 SYSTEMPATH\View\View.php(228): include('C:\\worksheet\\codeigniter4-framework-v4.4.4-0-g7c170c4\\app\\Views\\home.php')
 3 SYSTEMPATH\View\View.php(231): CodeIgniter\View\View->CodeIgniter\View\{closure}()
 4 SYSTEMPATH\Common.php(1178): CodeIgniter\View\View->render('home', [], true)
 5 APPPATH\Controllers\Home.php(15): view('home', [...])
 6 SYSTEMPATH\CodeIgniter.php(941): App\Controllers\Home->index()
 7 SYSTEMPATH\CodeIgniter.php(502): CodeIgniter\CodeIgniter->runController(Object(App\Controllers\Home))
 8 SYSTEMPATH\CodeIgniter.php(361): CodeIgniter\CodeIgniter->handleRequest(null, Object(Config\Cache), false)
 9 FCPATH\index.php(79): CodeIgniter\CodeIgniter->run()
10 SYSTEMPATH\Commands\Server\rewrite.php(47): require_once('C:\\worksheet\\codeigniter4-framework-v4.4.4-0-g7c170c4\\public\\index.php')
CRITICAL - 2024-01-16 08:12:36 --> CodeIgniter\Exceptions\ConfigException: Config\App::$baseURL "/" is not a valid URL.
in SYSTEMPATH\HTTP\SiteURI.php on line 199.
 1 SYSTEMPATH\HTTP\SiteURI.php(145): CodeIgniter\HTTP\SiteURI->normalizeBaseURL(Object(Config\App))
 2 SYSTEMPATH\HTTP\SiteURI.php(100): CodeIgniter\HTTP\SiteURI->determineBaseURL(Object(Config\App), null, null)
 3 SYSTEMPATH\HTTP\CLIRequest.php(78): CodeIgniter\HTTP\SiteURI->__construct(Object(Config\App), 'serve')
 4 SYSTEMPATH\Config\Services.php(144): CodeIgniter\HTTP\CLIRequest->__construct(Object(Config\App))
 5 SYSTEMPATH\Config\BaseService.php(258): CodeIgniter\Config\Services::clirequest(Object(Config\App), false)
 6 SYSTEMPATH\Config\BaseService.php(199): CodeIgniter\Config\BaseService::__callStatic('clirequest', [...])
 7 SYSTEMPATH\Config\Services.php(139): CodeIgniter\Config\BaseService::getSharedInstance('clirequest', Object(Config\App))
 8 SYSTEMPATH\Config\BaseService.php(258): CodeIgniter\Config\Services::clirequest(Object(Config\App))
 9 SYSTEMPATH\Config\Services.php(537): CodeIgniter\Config\BaseService::__callStatic('clirequest', [...])
10 SYSTEMPATH\Config\BaseService.php(258): CodeIgniter\Config\Services::createRequest(Object(Config\App), true)
11 SYSTEMPATH\CLI\Console.php(37): CodeIgniter\Config\BaseService::__callStatic('createRequest', [...])
12 ROOTPATH\spark(102): CodeIgniter\CLI\Console->run()
CRITICAL - 2024-01-16 08:12:36 --> ErrorException: Uncaught CodeIgniter\Exceptions\ConfigException: Config\App::$baseURL "/" is not a valid URL. in C:\worksheet\codeigniter4-framework-v4.4.4-0-g7c170c4\system\HTTP\SiteURI.php:199
Stack trace:
#0 C:\worksheet\codeigniter4-framework-v4.4.4-0-g7c170c4\system\HTTP\SiteURI.php(145): CodeIgniter\HTTP\SiteURI->normalizeBaseURL(Object(Config\App))
#1 C:\worksheet\codeigniter4-framework-v4.4.4-0-g7c170c4\system\HTTP\SiteURI.php(100): CodeIgniter\HTTP\SiteURI->determineBaseURL(Object(Config\App), NULL, NULL)
#2 C:\worksheet\codeigniter4-framework-v4.4.4-0-g7c170c4\system\HTTP\SiteURIFactory.php(224): CodeIgniter\HTTP\SiteURI->__construct(Object(Config\App), '/', NULL)
#3 C:\worksheet\codeigniter4-framework-v4.4.4-0-g7c170c4\system\HTTP\SiteURIFactory.php(45): CodeIgniter\HTTP\SiteURIFactory->createURIFromRoutePath('/')
#4 C:\worksheet\codeigniter4-framework-v4.4.4-0-g7c170c4\system\Config\Services.php(799): CodeIgniter\HTTP\SiteURIFactory->createFromGlobals()
#5 C:\worksheet\codeigniter4-framework-v4.4.4-0-g7c170c4\system\Config\BaseService.php(258): CodeIgniter\Config\Services::uri(NULL, false)
#6 C:\worksheet\codeigniter4-framework-v4.4.4-0-g7c170c4\system\Config\BaseService.php(199): CodeIgniter\Config\BaseService::__callStatic('uri', Array)
#7 C:\worksheet\codeigniter4-framework-v4.4.4-0-g7c170c4\system\Config\Services.php(792): CodeIgniter\Config\BaseService::getSharedInstance('uri', NULL)
#8 C:\worksheet\codeigniter4-framework-v4.4.4-0-g7c170c4\system\Config\BaseService.php(258): CodeIgniter\Config\Services::uri()
#9 C:\worksheet\codeigniter4-framework-v4.4.4-0-g7c170c4\system\Config\Services.php(566): CodeIgniter\Config\BaseService::__callStatic('uri', Array)
#10 C:\worksheet\codeigniter4-framework-v4.4.4-0-g7c170c4\system\Config\BaseService.php(258): CodeIgniter\Config\Services::incomingrequest(Object(Config\App), false)
#11 C:\worksheet\codeigniter4-framework-v4.4.4-0-g7c170c4\system\Config\Services.php(524): CodeIgniter\Config\BaseService::__callStatic('incomingrequest', Array)
#12 C:\worksheet\codeigniter4-framework-v4.4.4-0-g7c170c4\system\Config\BaseService.php(258): CodeIgniter\Config\Services::request(NULL, false)
#13 C:\worksheet\codeigniter4-framework-v4.4.4-0-g7c170c4\system\Config\BaseService.php(199): CodeIgniter\Config\BaseService::__callStatic('request', Array)
#14 C:\worksheet\codeigniter4-framework-v4.4.4-0-g7c170c4\system\Config\Services.php(520): CodeIgniter\Config\BaseService::getSharedInstance('request', NULL)
#15 C:\worksheet\codeigniter4-framework-v4.4.4-0-g7c170c4\system\Config\BaseService.php(258): CodeIgniter\Config\Services::request()
#16 C:\worksheet\codeigniter4-framework-v4.4.4-0-g7c170c4\system\Debug\Exceptions.php(150): CodeIgniter\Config\BaseService::__callStatic('request', Array)
#17 [internal function]: CodeIgniter\Debug\Exceptions->exceptionHandler(Object(CodeIgniter\Exceptions\ConfigException))
#18 {main}
  thrown
【Previous Exception】
CodeIgniter\Exceptions\ConfigException
Config\App::$baseURL "/" is not a valid URL.
#0 C:\worksheet\codeigniter4-framework-v4.4.4-0-g7c170c4\system\HTTP\SiteURI.php(145): CodeIgniter\HTTP\SiteURI->normalizeBaseURL(Object(Config\App))
#1 C:\worksheet\codeigniter4-framework-v4.4.4-0-g7c170c4\system\HTTP\SiteURI.php(100): CodeIgniter\HTTP\SiteURI->determineBaseURL(Object(Config\App), NULL, NULL)
#2 C:\worksheet\codeigniter4-framework-v4.4.4-0-g7c170c4\system\HTTP\CLIRequest.php(78): CodeIgniter\HTTP\SiteURI->__construct(Object(Config\App), 'serve')
#3 C:\worksheet\codeigniter4-framework-v4.4.4-0-g7c170c4\system\Config\Services.php(144): CodeIgniter\HTTP\CLIRequest->__construct(Object(Config\App))
#4 C:\worksheet\codeigniter4-framework-v4.4.4-0-g7c170c4\system\Config\BaseService.php(258): CodeIgniter\Config\Services::clirequest(Object(Config\App), false)
#5 C:\worksheet\codeigniter4-framework-v4.4.4-0-g7c170c4\system\Config\BaseService.php(199): CodeIgniter\Config\BaseService::__callStatic('clirequest', Array)
#6 C:\worksheet\codeigniter4-framework-v4.4.4-0-g7c170c4\system\Config\Services.php(139): CodeIgniter\Config\BaseService::getSharedInstance('clirequest', Object(Config\App))
#7 C:\worksheet\codeigniter4-framework-v4.4.4-0-g7c170c4\system\Config\BaseService.php(258): CodeIgniter\Config\Services::clirequest(Object(Config\App))
#8 C:\worksheet\codeigniter4-framework-v4.4.4-0-g7c170c4\system\Config\Services.php(537): CodeIgniter\Config\BaseService::__callStatic('clirequest', Array)
#9 C:\worksheet\codeigniter4-framework-v4.4.4-0-g7c170c4\system\Config\BaseService.php(258): CodeIgniter\Config\Services::createRequest(Object(Config\App), true)
#10 C:\worksheet\codeigniter4-framework-v4.4.4-0-g7c170c4\system\CLI\Console.php(37): CodeIgniter\Config\BaseService::__callStatic('createRequest', Array)
#11 C:\worksheet\codeigniter4-framework-v4.4.4-0-g7c170c4\spark(102): CodeIgniter\CLI\Console->run()
#12 {main}
in SYSTEMPATH\HTTP\SiteURI.php on line 199.
 1 [internal function]: CodeIgniter\Debug\Exceptions->shutdownHandler()
CRITICAL - 2024-01-16 08:12:58 --> CodeIgniter\Exceptions\ConfigException: Config\App::$baseURL "/" is not a valid URL.
in SYSTEMPATH\HTTP\SiteURI.php on line 199.
 1 SYSTEMPATH\HTTP\SiteURI.php(145): CodeIgniter\HTTP\SiteURI->normalizeBaseURL(Object(Config\App))
 2 SYSTEMPATH\HTTP\SiteURI.php(100): CodeIgniter\HTTP\SiteURI->determineBaseURL(Object(Config\App), null, null)
 3 SYSTEMPATH\HTTP\CLIRequest.php(78): CodeIgniter\HTTP\SiteURI->__construct(Object(Config\App), 'serve')
 4 SYSTEMPATH\Config\Services.php(144): CodeIgniter\HTTP\CLIRequest->__construct(Object(Config\App))
 5 SYSTEMPATH\Config\BaseService.php(258): CodeIgniter\Config\Services::clirequest(Object(Config\App), false)
 6 SYSTEMPATH\Config\BaseService.php(199): CodeIgniter\Config\BaseService::__callStatic('clirequest', [...])
 7 SYSTEMPATH\Config\Services.php(139): CodeIgniter\Config\BaseService::getSharedInstance('clirequest', Object(Config\App))
 8 SYSTEMPATH\Config\BaseService.php(258): CodeIgniter\Config\Services::clirequest(Object(Config\App))
 9 SYSTEMPATH\Config\Services.php(537): CodeIgniter\Config\BaseService::__callStatic('clirequest', [...])
10 SYSTEMPATH\Config\BaseService.php(258): CodeIgniter\Config\Services::createRequest(Object(Config\App), true)
11 SYSTEMPATH\CLI\Console.php(37): CodeIgniter\Config\BaseService::__callStatic('createRequest', [...])
12 ROOTPATH\spark(102): CodeIgniter\CLI\Console->run()
CRITICAL - 2024-01-16 08:12:58 --> ErrorException: Uncaught CodeIgniter\Exceptions\ConfigException: Config\App::$baseURL "/" is not a valid URL. in C:\worksheet\codeigniter4-framework-v4.4.4-0-g7c170c4\system\HTTP\SiteURI.php:199
Stack trace:
#0 C:\worksheet\codeigniter4-framework-v4.4.4-0-g7c170c4\system\HTTP\SiteURI.php(145): CodeIgniter\HTTP\SiteURI->normalizeBaseURL(Object(Config\App))
#1 C:\worksheet\codeigniter4-framework-v4.4.4-0-g7c170c4\system\HTTP\SiteURI.php(100): CodeIgniter\HTTP\SiteURI->determineBaseURL(Object(Config\App), NULL, NULL)
#2 C:\worksheet\codeigniter4-framework-v4.4.4-0-g7c170c4\system\HTTP\SiteURIFactory.php(224): CodeIgniter\HTTP\SiteURI->__construct(Object(Config\App), '/', NULL)
#3 C:\worksheet\codeigniter4-framework-v4.4.4-0-g7c170c4\system\HTTP\SiteURIFactory.php(45): CodeIgniter\HTTP\SiteURIFactory->createURIFromRoutePath('/')
#4 C:\worksheet\codeigniter4-framework-v4.4.4-0-g7c170c4\system\Config\Services.php(799): CodeIgniter\HTTP\SiteURIFactory->createFromGlobals()
#5 C:\worksheet\codeigniter4-framework-v4.4.4-0-g7c170c4\system\Config\BaseService.php(258): CodeIgniter\Config\Services::uri(NULL, false)
#6 C:\worksheet\codeigniter4-framework-v4.4.4-0-g7c170c4\system\Config\BaseService.php(199): CodeIgniter\Config\BaseService::__callStatic('uri', Array)
#7 C:\worksheet\codeigniter4-framework-v4.4.4-0-g7c170c4\system\Config\Services.php(792): CodeIgniter\Config\BaseService::getSharedInstance('uri', NULL)
#8 C:\worksheet\codeigniter4-framework-v4.4.4-0-g7c170c4\system\Config\BaseService.php(258): CodeIgniter\Config\Services::uri()
#9 C:\worksheet\codeigniter4-framework-v4.4.4-0-g7c170c4\system\Config\Services.php(566): CodeIgniter\Config\BaseService::__callStatic('uri', Array)
#10 C:\worksheet\codeigniter4-framework-v4.4.4-0-g7c170c4\system\Config\BaseService.php(258): CodeIgniter\Config\Services::incomingrequest(Object(Config\App), false)
#11 C:\worksheet\codeigniter4-framework-v4.4.4-0-g7c170c4\system\Config\Services.php(524): CodeIgniter\Config\BaseService::__callStatic('incomingrequest', Array)
#12 C:\worksheet\codeigniter4-framework-v4.4.4-0-g7c170c4\system\Config\BaseService.php(258): CodeIgniter\Config\Services::request(NULL, false)
#13 C:\worksheet\codeigniter4-framework-v4.4.4-0-g7c170c4\system\Config\BaseService.php(199): CodeIgniter\Config\BaseService::__callStatic('request', Array)
#14 C:\worksheet\codeigniter4-framework-v4.4.4-0-g7c170c4\system\Config\Services.php(520): CodeIgniter\Config\BaseService::getSharedInstance('request', NULL)
#15 C:\worksheet\codeigniter4-framework-v4.4.4-0-g7c170c4\system\Config\BaseService.php(258): CodeIgniter\Config\Services::request()
#16 C:\worksheet\codeigniter4-framework-v4.4.4-0-g7c170c4\system\Debug\Exceptions.php(150): CodeIgniter\Config\BaseService::__callStatic('request', Array)
#17 [internal function]: CodeIgniter\Debug\Exceptions->exceptionHandler(Object(CodeIgniter\Exceptions\ConfigException))
#18 {main}
  thrown
【Previous Exception】
CodeIgniter\Exceptions\ConfigException
Config\App::$baseURL "/" is not a valid URL.
#0 C:\worksheet\codeigniter4-framework-v4.4.4-0-g7c170c4\system\HTTP\SiteURI.php(145): CodeIgniter\HTTP\SiteURI->normalizeBaseURL(Object(Config\App))
#1 C:\worksheet\codeigniter4-framework-v4.4.4-0-g7c170c4\system\HTTP\SiteURI.php(100): CodeIgniter\HTTP\SiteURI->determineBaseURL(Object(Config\App), NULL, NULL)
#2 C:\worksheet\codeigniter4-framework-v4.4.4-0-g7c170c4\system\HTTP\CLIRequest.php(78): CodeIgniter\HTTP\SiteURI->__construct(Object(Config\App), 'serve')
#3 C:\worksheet\codeigniter4-framework-v4.4.4-0-g7c170c4\system\Config\Services.php(144): CodeIgniter\HTTP\CLIRequest->__construct(Object(Config\App))
#4 C:\worksheet\codeigniter4-framework-v4.4.4-0-g7c170c4\system\Config\BaseService.php(258): CodeIgniter\Config\Services::clirequest(Object(Config\App), false)
#5 C:\worksheet\codeigniter4-framework-v4.4.4-0-g7c170c4\system\Config\BaseService.php(199): CodeIgniter\Config\BaseService::__callStatic('clirequest', Array)
#6 C:\worksheet\codeigniter4-framework-v4.4.4-0-g7c170c4\system\Config\Services.php(139): CodeIgniter\Config\BaseService::getSharedInstance('clirequest', Object(Config\App))
#7 C:\worksheet\codeigniter4-framework-v4.4.4-0-g7c170c4\system\Config\BaseService.php(258): CodeIgniter\Config\Services::clirequest(Object(Config\App))
#8 C:\worksheet\codeigniter4-framework-v4.4.4-0-g7c170c4\system\Config\Services.php(537): CodeIgniter\Config\BaseService::__callStatic('clirequest', Array)
#9 C:\worksheet\codeigniter4-framework-v4.4.4-0-g7c170c4\system\Config\BaseService.php(258): CodeIgniter\Config\Services::createRequest(Object(Config\App), true)
#10 C:\worksheet\codeigniter4-framework-v4.4.4-0-g7c170c4\system\CLI\Console.php(37): CodeIgniter\Config\BaseService::__callStatic('createRequest', Array)
#11 C:\worksheet\codeigniter4-framework-v4.4.4-0-g7c170c4\spark(102): CodeIgniter\CLI\Console->run()
#12 {main}
in SYSTEMPATH\HTTP\SiteURI.php on line 199.
 1 [internal function]: CodeIgniter\Debug\Exceptions->shutdownHandler()
CRITICAL - 2024-01-16 08:13:01 --> CodeIgniter\Exceptions\ConfigException: Config\App::$baseURL "/" is not a valid URL.
in SYSTEMPATH\HTTP\SiteURI.php on line 199.
 1 SYSTEMPATH\HTTP\SiteURI.php(145): CodeIgniter\HTTP\SiteURI->normalizeBaseURL(Object(Config\App))
 2 SYSTEMPATH\HTTP\SiteURI.php(100): CodeIgniter\HTTP\SiteURI->determineBaseURL(Object(Config\App), null, null)
 3 SYSTEMPATH\HTTP\CLIRequest.php(78): CodeIgniter\HTTP\SiteURI->__construct(Object(Config\App), 'serve')
 4 SYSTEMPATH\Config\Services.php(144): CodeIgniter\HTTP\CLIRequest->__construct(Object(Config\App))
 5 SYSTEMPATH\Config\BaseService.php(258): CodeIgniter\Config\Services::clirequest(Object(Config\App), false)
 6 SYSTEMPATH\Config\BaseService.php(199): CodeIgniter\Config\BaseService::__callStatic('clirequest', [...])
 7 SYSTEMPATH\Config\Services.php(139): CodeIgniter\Config\BaseService::getSharedInstance('clirequest', Object(Config\App))
 8 SYSTEMPATH\Config\BaseService.php(258): CodeIgniter\Config\Services::clirequest(Object(Config\App))
 9 SYSTEMPATH\Config\Services.php(537): CodeIgniter\Config\BaseService::__callStatic('clirequest', [...])
10 SYSTEMPATH\Config\BaseService.php(258): CodeIgniter\Config\Services::createRequest(Object(Config\App), true)
11 SYSTEMPATH\CLI\Console.php(37): CodeIgniter\Config\BaseService::__callStatic('createRequest', [...])
12 ROOTPATH\spark(102): CodeIgniter\CLI\Console->run()
CRITICAL - 2024-01-16 08:13:01 --> ErrorException: Uncaught CodeIgniter\Exceptions\ConfigException: Config\App::$baseURL "/" is not a valid URL. in C:\worksheet\codeigniter4-framework-v4.4.4-0-g7c170c4\system\HTTP\SiteURI.php:199
Stack trace:
#0 C:\worksheet\codeigniter4-framework-v4.4.4-0-g7c170c4\system\HTTP\SiteURI.php(145): CodeIgniter\HTTP\SiteURI->normalizeBaseURL(Object(Config\App))
#1 C:\worksheet\codeigniter4-framework-v4.4.4-0-g7c170c4\system\HTTP\SiteURI.php(100): CodeIgniter\HTTP\SiteURI->determineBaseURL(Object(Config\App), NULL, NULL)
#2 C:\worksheet\codeigniter4-framework-v4.4.4-0-g7c170c4\system\HTTP\SiteURIFactory.php(224): CodeIgniter\HTTP\SiteURI->__construct(Object(Config\App), '/', NULL)
#3 C:\worksheet\codeigniter4-framework-v4.4.4-0-g7c170c4\system\HTTP\SiteURIFactory.php(45): CodeIgniter\HTTP\SiteURIFactory->createURIFromRoutePath('/')
#4 C:\worksheet\codeigniter4-framework-v4.4.4-0-g7c170c4\system\Config\Services.php(799): CodeIgniter\HTTP\SiteURIFactory->createFromGlobals()
#5 C:\worksheet\codeigniter4-framework-v4.4.4-0-g7c170c4\system\Config\BaseService.php(258): CodeIgniter\Config\Services::uri(NULL, false)
#6 C:\worksheet\codeigniter4-framework-v4.4.4-0-g7c170c4\system\Config\BaseService.php(199): CodeIgniter\Config\BaseService::__callStatic('uri', Array)
#7 C:\worksheet\codeigniter4-framework-v4.4.4-0-g7c170c4\system\Config\Services.php(792): CodeIgniter\Config\BaseService::getSharedInstance('uri', NULL)
#8 C:\worksheet\codeigniter4-framework-v4.4.4-0-g7c170c4\system\Config\BaseService.php(258): CodeIgniter\Config\Services::uri()
#9 C:\worksheet\codeigniter4-framework-v4.4.4-0-g7c170c4\system\Config\Services.php(566): CodeIgniter\Config\BaseService::__callStatic('uri', Array)
#10 C:\worksheet\codeigniter4-framework-v4.4.4-0-g7c170c4\system\Config\BaseService.php(258): CodeIgniter\Config\Services::incomingrequest(Object(Config\App), false)
#11 C:\worksheet\codeigniter4-framework-v4.4.4-0-g7c170c4\system\Config\Services.php(524): CodeIgniter\Config\BaseService::__callStatic('incomingrequest', Array)
#12 C:\worksheet\codeigniter4-framework-v4.4.4-0-g7c170c4\system\Config\BaseService.php(258): CodeIgniter\Config\Services::request(NULL, false)
#13 C:\worksheet\codeigniter4-framework-v4.4.4-0-g7c170c4\system\Config\BaseService.php(199): CodeIgniter\Config\BaseService::__callStatic('request', Array)
#14 C:\worksheet\codeigniter4-framework-v4.4.4-0-g7c170c4\system\Config\Services.php(520): CodeIgniter\Config\BaseService::getSharedInstance('request', NULL)
#15 C:\worksheet\codeigniter4-framework-v4.4.4-0-g7c170c4\system\Config\BaseService.php(258): CodeIgniter\Config\Services::request()
#16 C:\worksheet\codeigniter4-framework-v4.4.4-0-g7c170c4\system\Debug\Exceptions.php(150): CodeIgniter\Config\BaseService::__callStatic('request', Array)
#17 [internal function]: CodeIgniter\Debug\Exceptions->exceptionHandler(Object(CodeIgniter\Exceptions\ConfigException))
#18 {main}
  thrown
【Previous Exception】
CodeIgniter\Exceptions\ConfigException
Config\App::$baseURL "/" is not a valid URL.
#0 C:\worksheet\codeigniter4-framework-v4.4.4-0-g7c170c4\system\HTTP\SiteURI.php(145): CodeIgniter\HTTP\SiteURI->normalizeBaseURL(Object(Config\App))
#1 C:\worksheet\codeigniter4-framework-v4.4.4-0-g7c170c4\system\HTTP\SiteURI.php(100): CodeIgniter\HTTP\SiteURI->determineBaseURL(Object(Config\App), NULL, NULL)
#2 C:\worksheet\codeigniter4-framework-v4.4.4-0-g7c170c4\system\HTTP\CLIRequest.php(78): CodeIgniter\HTTP\SiteURI->__construct(Object(Config\App), 'serve')
#3 C:\worksheet\codeigniter4-framework-v4.4.4-0-g7c170c4\system\Config\Services.php(144): CodeIgniter\HTTP\CLIRequest->__construct(Object(Config\App))
#4 C:\worksheet\codeigniter4-framework-v4.4.4-0-g7c170c4\system\Config\BaseService.php(258): CodeIgniter\Config\Services::clirequest(Object(Config\App), false)
#5 C:\worksheet\codeigniter4-framework-v4.4.4-0-g7c170c4\system\Config\BaseService.php(199): CodeIgniter\Config\BaseService::__callStatic('clirequest', Array)
#6 C:\worksheet\codeigniter4-framework-v4.4.4-0-g7c170c4\system\Config\Services.php(139): CodeIgniter\Config\BaseService::getSharedInstance('clirequest', Object(Config\App))
#7 C:\worksheet\codeigniter4-framework-v4.4.4-0-g7c170c4\system\Config\BaseService.php(258): CodeIgniter\Config\Services::clirequest(Object(Config\App))
#8 C:\worksheet\codeigniter4-framework-v4.4.4-0-g7c170c4\system\Config\Services.php(537): CodeIgniter\Config\BaseService::__callStatic('clirequest', Array)
#9 C:\worksheet\codeigniter4-framework-v4.4.4-0-g7c170c4\system\Config\BaseService.php(258): CodeIgniter\Config\Services::createRequest(Object(Config\App), true)
#10 C:\worksheet\codeigniter4-framework-v4.4.4-0-g7c170c4\system\CLI\Console.php(37): CodeIgniter\Config\BaseService::__callStatic('createRequest', Array)
#11 C:\worksheet\codeigniter4-framework-v4.4.4-0-g7c170c4\spark(102): CodeIgniter\CLI\Console->run()
#12 {main}
in SYSTEMPATH\HTTP\SiteURI.php on line 199.
 1 [internal function]: CodeIgniter\Debug\Exceptions->shutdownHandler()
CRITICAL - 2024-01-16 08:16:11 --> ParseError: syntax error, unexpected token "}", expecting ";"
in APPPATH\Controllers\Home.php on line 38.
 1 SYSTEMPATH\Autoloader\Autoloader.php(288): CodeIgniter\Autoloader\Autoloader->includeFile('C:\\worksheet\\codeigniter4-framework-v4.4.4-0-g7c170c4\\app\\Controllers\\Home.php')
 2 SYSTEMPATH\Autoloader\Autoloader.php(266): CodeIgniter\Autoloader\Autoloader->loadInNamespace('App\\Controllers\\Home')
 3 [internal function]: CodeIgniter\Autoloader\Autoloader->loadClass('App\\Controllers\\Home')
 4 SYSTEMPATH\CodeIgniter.php(899): class_exists('\\App\\Controllers\\Home', true)
 5 SYSTEMPATH\CodeIgniter.php(489): CodeIgniter\CodeIgniter->startController()
 6 SYSTEMPATH\CodeIgniter.php(361): CodeIgniter\CodeIgniter->handleRequest(null, Object(Config\Cache), false)
 7 FCPATH\index.php(79): CodeIgniter\CodeIgniter->run()
 8 SYSTEMPATH\Commands\Server\rewrite.php(47): require_once('C:\\worksheet\\codeigniter4-framework-v4.4.4-0-g7c170c4\\public\\index.php')
CRITICAL - 2024-01-16 08:16:13 --> ParseError: syntax error, unexpected token "}", expecting ";"
in APPPATH\Controllers\Home.php on line 38.
 1 SYSTEMPATH\Autoloader\Autoloader.php(288): CodeIgniter\Autoloader\Autoloader->includeFile('C:\\worksheet\\codeigniter4-framework-v4.4.4-0-g7c170c4\\app\\Controllers\\Home.php')
 2 SYSTEMPATH\Autoloader\Autoloader.php(266): CodeIgniter\Autoloader\Autoloader->loadInNamespace('App\\Controllers\\Home')
 3 [internal function]: CodeIgniter\Autoloader\Autoloader->loadClass('App\\Controllers\\Home')
 4 SYSTEMPATH\CodeIgniter.php(899): class_exists('\\App\\Controllers\\Home', true)
 5 SYSTEMPATH\CodeIgniter.php(489): CodeIgniter\CodeIgniter->startController()
 6 SYSTEMPATH\CodeIgniter.php(361): CodeIgniter\CodeIgniter->handleRequest(null, Object(Config\Cache), false)
 7 FCPATH\index.php(79): CodeIgniter\CodeIgniter->run()
 8 SYSTEMPATH\Commands\Server\rewrite.php(47): require_once('C:\\worksheet\\codeigniter4-framework-v4.4.4-0-g7c170c4\\public\\index.php')
CRITICAL - 2024-01-16 08:16:15 --> ParseError: syntax error, unexpected token "}", expecting ";"
in APPPATH\Controllers\Home.php on line 38.
 1 SYSTEMPATH\Autoloader\Autoloader.php(288): CodeIgniter\Autoloader\Autoloader->includeFile('C:\\worksheet\\codeigniter4-framework-v4.4.4-0-g7c170c4\\app\\Controllers\\Home.php')
 2 SYSTEMPATH\Autoloader\Autoloader.php(266): CodeIgniter\Autoloader\Autoloader->loadInNamespace('App\\Controllers\\Home')
 3 [internal function]: CodeIgniter\Autoloader\Autoloader->loadClass('App\\Controllers\\Home')
 4 SYSTEMPATH\CodeIgniter.php(899): class_exists('\\App\\Controllers\\Home', true)
 5 SYSTEMPATH\CodeIgniter.php(489): CodeIgniter\CodeIgniter->startController()
 6 SYSTEMPATH\CodeIgniter.php(361): CodeIgniter\CodeIgniter->handleRequest(null, Object(Config\Cache), false)
 7 FCPATH\index.php(79): CodeIgniter\CodeIgniter->run()
 8 SYSTEMPATH\Commands\Server\rewrite.php(47): require_once('C:\\worksheet\\codeigniter4-framework-v4.4.4-0-g7c170c4\\public\\index.php')
CRITICAL - 2024-01-16 08:17:07 --> ParseError: syntax error, unexpected token "}", expecting ";"
in APPPATH\Controllers\Home.php on line 38.
 1 SYSTEMPATH\Autoloader\Autoloader.php(288): CodeIgniter\Autoloader\Autoloader->includeFile('C:\\worksheet\\codeigniter4-framework-v4.4.4-0-g7c170c4\\app\\Controllers\\Home.php')
 2 SYSTEMPATH\Autoloader\Autoloader.php(266): CodeIgniter\Autoloader\Autoloader->loadInNamespace('App\\Controllers\\Home')
 3 [internal function]: CodeIgniter\Autoloader\Autoloader->loadClass('App\\Controllers\\Home')
 4 SYSTEMPATH\CodeIgniter.php(899): class_exists('\\App\\Controllers\\Home', true)
 5 SYSTEMPATH\CodeIgniter.php(489): CodeIgniter\CodeIgniter->startController()
 6 SYSTEMPATH\CodeIgniter.php(361): CodeIgniter\CodeIgniter->handleRequest(null, Object(Config\Cache), false)
 7 FCPATH\index.php(79): CodeIgniter\CodeIgniter->run()
 8 SYSTEMPATH\Commands\Server\rewrite.php(47): require_once('C:\\worksheet\\codeigniter4-framework-v4.4.4-0-g7c170c4\\public\\index.php')
CRITICAL - 2024-01-16 08:27:09 --> Error: Call to undefined function App\Controllers\curl_request()
in APPPATH\Controllers\Home.php on line 12.
 1 SYSTEMPATH\CodeIgniter.php(941): App\Controllers\Home->index()
 2 SYSTEMPATH\CodeIgniter.php(502): CodeIgniter\CodeIgniter->runController(Object(App\Controllers\Home))
 3 SYSTEMPATH\CodeIgniter.php(361): CodeIgniter\CodeIgniter->handleRequest(null, Object(Config\Cache), false)
 4 FCPATH\index.php(79): CodeIgniter\CodeIgniter->run()
 5 SYSTEMPATH\Commands\Server\rewrite.php(47): require_once('C:\\worksheet\\codeigniter4-framework-v4.4.4-0-g7c170c4\\public\\index.php')
CRITICAL - 2024-01-16 08:27:10 --> Error: Call to undefined function App\Controllers\curl_request()
in APPPATH\Controllers\Home.php on line 12.
 1 SYSTEMPATH\CodeIgniter.php(941): App\Controllers\Home->index()
 2 SYSTEMPATH\CodeIgniter.php(502): CodeIgniter\CodeIgniter->runController(Object(App\Controllers\Home))
 3 SYSTEMPATH\CodeIgniter.php(361): CodeIgniter\CodeIgniter->handleRequest(null, Object(Config\Cache), false)
 4 FCPATH\index.php(79): CodeIgniter\CodeIgniter->run()
 5 SYSTEMPATH\Commands\Server\rewrite.php(47): require_once('C:\\worksheet\\codeigniter4-framework-v4.4.4-0-g7c170c4\\public\\index.php')
CRITICAL - 2024-01-16 08:27:58 --> Error: Call to undefined function App\Controllers\curl_request()
in APPPATH\Controllers\Home.php on line 12.
 1 SYSTEMPATH\CodeIgniter.php(941): App\Controllers\Home->index()
 2 SYSTEMPATH\CodeIgniter.php(502): CodeIgniter\CodeIgniter->runController(Object(App\Controllers\Home))
 3 SYSTEMPATH\CodeIgniter.php(361): CodeIgniter\CodeIgniter->handleRequest(null, Object(Config\Cache), false)
 4 FCPATH\index.php(79): CodeIgniter\CodeIgniter->run()
 5 SYSTEMPATH\Commands\Server\rewrite.php(47): require_once('C:\\worksheet\\codeigniter4-framework-v4.4.4-0-g7c170c4\\public\\index.php')
CRITICAL - 2024-01-16 08:28:01 --> Error: Call to undefined function App\Controllers\curl_request()
in APPPATH\Controllers\Home.php on line 12.
 1 SYSTEMPATH\CodeIgniter.php(941): App\Controllers\Home->index()
 2 SYSTEMPATH\CodeIgniter.php(502): CodeIgniter\CodeIgniter->runController(Object(App\Controllers\Home))
 3 SYSTEMPATH\CodeIgniter.php(361): CodeIgniter\CodeIgniter->handleRequest(null, Object(Config\Cache), false)
 4 FCPATH\index.php(79): CodeIgniter\CodeIgniter->run()
 5 SYSTEMPATH\Commands\Server\rewrite.php(47): require_once('C:\\worksheet\\codeigniter4-framework-v4.4.4-0-g7c170c4\\public\\index.php')
CRITICAL - 2024-01-16 08:28:46 --> Error: Class "App\Controllers\Controller" not found
in APPPATH\Controllers\Home.php on line 7.
 1 SYSTEMPATH\Autoloader\Autoloader.php(309): include_once()
 2 SYSTEMPATH\Autoloader\Autoloader.php(288): CodeIgniter\Autoloader\Autoloader->includeFile('C:\\worksheet\\codeigniter4-framework-v4.4.4-0-g7c170c4\\app\\Controllers\\Home.php')
 3 SYSTEMPATH\Autoloader\Autoloader.php(266): CodeIgniter\Autoloader\Autoloader->loadInNamespace('App\\Controllers\\Home')
 4 [internal function]: CodeIgniter\Autoloader\Autoloader->loadClass('App\\Controllers\\Home')
 5 SYSTEMPATH\CodeIgniter.php(899): class_exists('\\App\\Controllers\\Home', true)
 6 SYSTEMPATH\CodeIgniter.php(489): CodeIgniter\CodeIgniter->startController()
 7 SYSTEMPATH\CodeIgniter.php(361): CodeIgniter\CodeIgniter->handleRequest(null, Object(Config\Cache), false)
 8 FCPATH\index.php(79): CodeIgniter\CodeIgniter->run()
 9 SYSTEMPATH\Commands\Server\rewrite.php(47): require_once('C:\\worksheet\\codeigniter4-framework-v4.4.4-0-g7c170c4\\public\\index.php')
CRITICAL - 2024-01-16 08:32:35 --> ErrorException: Maximum execution time of 60 seconds exceeded
in APPPATH\Helpers\custom_helper.php on line 51.
 1 [internal function]: CodeIgniter\Debug\Exceptions->shutdownHandler()
CRITICAL - 2024-01-16 08:35:20 --> ErrorException: Undefined property: stdClass::$data
in APPPATH\Controllers\Home.php on line 17.
 1 APPPATH\Controllers\Home.php(17): CodeIgniter\Debug\Exceptions->errorHandler(2, 'Undefined property: stdClass::$data', 'C:\\worksheet\\codeigniter4-framework-v4.4.4-0-g7c170c4\\app\\Controllers\\Home.php', 17)
 2 SYSTEMPATH\CodeIgniter.php(941): App\Controllers\Home->index()
 3 SYSTEMPATH\CodeIgniter.php(502): CodeIgniter\CodeIgniter->runController(Object(App\Controllers\Home))
 4 SYSTEMPATH\CodeIgniter.php(361): CodeIgniter\CodeIgniter->handleRequest(null, Object(Config\Cache), false)
 5 FCPATH\index.php(79): CodeIgniter\CodeIgniter->run()
 6 SYSTEMPATH\Commands\Server\rewrite.php(47): require_once('C:\\worksheet\\codeigniter4-framework-v4.4.4-0-g7c170c4\\public\\index.php')
CRITICAL - 2024-01-16 08:36:31 --> ErrorException: Undefined variable $articles
in APPPATH\Views\home.php on line 12.
 1 APPPATH\Views\home.php(12): CodeIgniter\Debug\Exceptions->errorHandler(2, 'Undefined variable $articles', 'C:\\worksheet\\codeigniter4-framework-v4.4.4-0-g7c170c4\\app\\Views\\home.php', 12)
 2 SYSTEMPATH\View\View.php(228): include('C:\\worksheet\\codeigniter4-framework-v4.4.4-0-g7c170c4\\app\\Views\\home.php')
 3 SYSTEMPATH\View\View.php(231): CodeIgniter\View\View->CodeIgniter\View\{closure}()
 4 SYSTEMPATH\Common.php(1178): CodeIgniter\View\View->render('home', [], true)
 5 APPPATH\Controllers\Home.php(19): view('home', [...])
 6 SYSTEMPATH\CodeIgniter.php(941): App\Controllers\Home->index()
 7 SYSTEMPATH\CodeIgniter.php(502): CodeIgniter\CodeIgniter->runController(Object(App\Controllers\Home))
 8 SYSTEMPATH\CodeIgniter.php(361): CodeIgniter\CodeIgniter->handleRequest(null, Object(Config\Cache), false)
 9 FCPATH\index.php(79): CodeIgniter\CodeIgniter->run()
10 SYSTEMPATH\Commands\Server\rewrite.php(47): require_once('C:\\worksheet\\codeigniter4-framework-v4.4.4-0-g7c170c4\\public\\index.php')
CRITICAL - 2024-01-16 08:37:50 --> Error: Cannot use object of type stdClass as array
in APPPATH\Views\home.php on line 14.
 1 SYSTEMPATH\View\View.php(228): include()
 2 SYSTEMPATH\View\View.php(231): CodeIgniter\View\View->CodeIgniter\View\{closure}()
 3 SYSTEMPATH\Common.php(1178): CodeIgniter\View\View->render('home', [], true)
 4 APPPATH\Controllers\Home.php(23): view('home', [...])
 5 SYSTEMPATH\CodeIgniter.php(941): App\Controllers\Home->index()
 6 SYSTEMPATH\CodeIgniter.php(502): CodeIgniter\CodeIgniter->runController(Object(App\Controllers\Home))
 7 SYSTEMPATH\CodeIgniter.php(361): CodeIgniter\CodeIgniter->handleRequest(null, Object(Config\Cache), false)
 8 FCPATH\index.php(79): CodeIgniter\CodeIgniter->run()
 9 SYSTEMPATH\Commands\Server\rewrite.php(47): require_once('C:\\worksheet\\codeigniter4-framework-v4.4.4-0-g7c170c4\\public\\index.php')
CRITICAL - 2024-01-16 10:18:38 --> ErrorException: Undefined property: stdClass::$posts
in APPPATH\Controllers\Home.php on line 40.
 1 APPPATH\Controllers\Home.php(40): CodeIgniter\Debug\Exceptions->errorHandler(2, 'Undefined property: stdClass::$posts', 'C:\\worksheet\\codeigniter4-framework-v4.4.4-0-g7c170c4\\app\\Controllers\\Home.php', 40)
 2 SYSTEMPATH\CodeIgniter.php(941): App\Controllers\Home->getById('5')
 3 SYSTEMPATH\CodeIgniter.php(502): CodeIgniter\CodeIgniter->runController(Object(App\Controllers\Home))
 4 SYSTEMPATH\CodeIgniter.php(361): CodeIgniter\CodeIgniter->handleRequest(null, Object(Config\Cache), false)
 5 FCPATH\index.php(79): CodeIgniter\CodeIgniter->run()
 6 SYSTEMPATH\Commands\Server\rewrite.php(47): require_once('C:\\worksheet\\codeigniter4-framework-v4.4.4-0-g7c170c4\\public\\index.php')
CRITICAL - 2024-01-16 10:20:18 --> ErrorException: Undefined variable $dataArticles
in APPPATH\Views\edit.php on line 7.
 1 APPPATH\Views\edit.php(7): CodeIgniter\Debug\Exceptions->errorHandler(2, 'Undefined variable $dataArticles', 'C:\\worksheet\\codeigniter4-framework-v4.4.4-0-g7c170c4\\app\\Views\\edit.php', 7)
 2 SYSTEMPATH\View\View.php(228): include('C:\\worksheet\\codeigniter4-framework-v4.4.4-0-g7c170c4\\app\\Views\\edit.php')
 3 SYSTEMPATH\View\View.php(231): CodeIgniter\View\View->CodeIgniter\View\{closure}()
 4 SYSTEMPATH\Common.php(1178): CodeIgniter\View\View->render('edit', [], true)
 5 APPPATH\Controllers\Home.php(47): view('edit', [...])
 6 SYSTEMPATH\CodeIgniter.php(941): App\Controllers\Home->getById('5')
 7 SYSTEMPATH\CodeIgniter.php(502): CodeIgniter\CodeIgniter->runController(Object(App\Controllers\Home))
 8 SYSTEMPATH\CodeIgniter.php(361): CodeIgniter\CodeIgniter->handleRequest(null, Object(Config\Cache), false)
 9 FCPATH\index.php(79): CodeIgniter\CodeIgniter->run()
10 SYSTEMPATH\Commands\Server\rewrite.php(47): require_once('C:\\worksheet\\codeigniter4-framework-v4.4.4-0-g7c170c4\\public\\index.php')
CRITICAL - 2024-01-16 10:20:51 --> ErrorException: Attempt to read property "title" on array
in APPPATH\Views\edit.php on line 7.
 1 APPPATH\Views\edit.php(7): CodeIgniter\Debug\Exceptions->errorHandler(2, 'Attempt to read property "title" on array', 'C:\\worksheet\\codeigniter4-framework-v4.4.4-0-g7c170c4\\app\\Views\\edit.php', 7)
 2 SYSTEMPATH\View\View.php(228): include('C:\\worksheet\\codeigniter4-framework-v4.4.4-0-g7c170c4\\app\\Views\\edit.php')
 3 SYSTEMPATH\View\View.php(231): CodeIgniter\View\View->CodeIgniter\View\{closure}()
 4 SYSTEMPATH\Common.php(1178): CodeIgniter\View\View->render('edit', [], true)
 5 APPPATH\Controllers\Home.php(47): view('edit', [...])
 6 SYSTEMPATH\CodeIgniter.php(941): App\Controllers\Home->getById('5')
 7 SYSTEMPATH\CodeIgniter.php(502): CodeIgniter\CodeIgniter->runController(Object(App\Controllers\Home))
 8 SYSTEMPATH\CodeIgniter.php(361): CodeIgniter\CodeIgniter->handleRequest(null, Object(Config\Cache), false)
 9 FCPATH\index.php(79): CodeIgniter\CodeIgniter->run()
10 SYSTEMPATH\Commands\Server\rewrite.php(47): require_once('C:\\worksheet\\codeigniter4-framework-v4.4.4-0-g7c170c4\\public\\index.php')
CRITICAL - 2024-01-16 10:20:58 --> ErrorException: Attempt to read property "title" on array
in APPPATH\Views\edit.php on line 7.
 1 APPPATH\Views\edit.php(7): CodeIgniter\Debug\Exceptions->errorHandler(2, 'Attempt to read property "title" on array', 'C:\\worksheet\\codeigniter4-framework-v4.4.4-0-g7c170c4\\app\\Views\\edit.php', 7)
 2 SYSTEMPATH\View\View.php(228): include('C:\\worksheet\\codeigniter4-framework-v4.4.4-0-g7c170c4\\app\\Views\\edit.php')
 3 SYSTEMPATH\View\View.php(231): CodeIgniter\View\View->CodeIgniter\View\{closure}()
 4 SYSTEMPATH\Common.php(1178): CodeIgniter\View\View->render('edit', [], true)
 5 APPPATH\Controllers\Home.php(47): view('edit', [...])
 6 SYSTEMPATH\CodeIgniter.php(941): App\Controllers\Home->getById('5')
 7 SYSTEMPATH\CodeIgniter.php(502): CodeIgniter\CodeIgniter->runController(Object(App\Controllers\Home))
 8 SYSTEMPATH\CodeIgniter.php(361): CodeIgniter\CodeIgniter->handleRequest(null, Object(Config\Cache), false)
 9 FCPATH\index.php(79): CodeIgniter\CodeIgniter->run()
10 SYSTEMPATH\Commands\Server\rewrite.php(47): require_once('C:\\worksheet\\codeigniter4-framework-v4.4.4-0-g7c170c4\\public\\index.php')
CRITICAL - 2024-01-16 10:26:17 --> Error: Call to undefined function App\Controllers\index()
in APPPATH\Controllers\Home.php on line 44.
 1 SYSTEMPATH\CodeIgniter.php(941): App\Controllers\Home->getById('5')
 2 SYSTEMPATH\CodeIgniter.php(502): CodeIgniter\CodeIgniter->runController(Object(App\Controllers\Home))
 3 SYSTEMPATH\CodeIgniter.php(361): CodeIgniter\CodeIgniter->handleRequest(null, Object(Config\Cache), false)
 4 FCPATH\index.php(79): CodeIgniter\CodeIgniter->run()
 5 SYSTEMPATH\Commands\Server\rewrite.php(47): require_once('C:\\worksheet\\codeigniter4-framework-v4.4.4-0-g7c170c4\\public\\index.php')
CRITICAL - 2024-01-16 10:45:33 --> ErrorException: Attempt to read property "post" on null
in APPPATH\Controllers\Home.php on line 40.
 1 APPPATH\Controllers\Home.php(40): CodeIgniter\Debug\Exceptions->errorHandler(2, 'Attempt to read property "post" on null', 'C:\\worksheet\\codeigniter4-framework-v4.4.4-0-g7c170c4\\app\\Controllers\\Home.php', 40)
 2 SYSTEMPATH\CodeIgniter.php(941): App\Controllers\Home->getById('2')
 3 SYSTEMPATH\CodeIgniter.php(502): CodeIgniter\CodeIgniter->runController(Object(App\Controllers\Home))
 4 SYSTEMPATH\CodeIgniter.php(361): CodeIgniter\CodeIgniter->handleRequest(null, Object(Config\Cache), false)
 5 FCPATH\index.php(79): CodeIgniter\CodeIgniter->run()
 6 SYSTEMPATH\Commands\Server\rewrite.php(47): require_once('C:\\worksheet\\codeigniter4-framework-v4.4.4-0-g7c170c4\\public\\index.php')
CRITICAL - 2024-01-16 10:45:37 --> ErrorException: Attempt to read property "post" on null
in APPPATH\Controllers\Home.php on line 40.
 1 APPPATH\Controllers\Home.php(40): CodeIgniter\Debug\Exceptions->errorHandler(2, 'Attempt to read property "post" on null', 'C:\\worksheet\\codeigniter4-framework-v4.4.4-0-g7c170c4\\app\\Controllers\\Home.php', 40)
 2 SYSTEMPATH\CodeIgniter.php(941): App\Controllers\Home->getById('2')
 3 SYSTEMPATH\CodeIgniter.php(502): CodeIgniter\CodeIgniter->runController(Object(App\Controllers\Home))
 4 SYSTEMPATH\CodeIgniter.php(361): CodeIgniter\CodeIgniter->handleRequest(null, Object(Config\Cache), false)
 5 FCPATH\index.php(79): CodeIgniter\CodeIgniter->run()
 6 SYSTEMPATH\Commands\Server\rewrite.php(47): require_once('C:\\worksheet\\codeigniter4-framework-v4.4.4-0-g7c170c4\\public\\index.php')
